// 重构日志: 3afe9c5a
// 重构日志: fe393e24
// 重构日志: 0eacb6b4
// 重构日志: 2cf3263d
// 同步 ID: d6253eab @ Wed Jul  8 05:40:39 UTC 2026
// 重构日志: 1025229d
// 重构日志: 74a942d5
// 重构日志: 039c30de
// 重构日志: 3b601d1b
// 重构日志: 88de748d
// 同步 ID: fa95c9c9 @ Sat Jul 11 01:44:23 UTC 2026
// 重构日志: 17463b73
// 重构日志: 6ad12e28
// 重构日志: d72646c5
// 重构日志: f7d28f2c
// 重构日志: 6402266c
// 重构日志: adf6af4b
// 重构日志: faca4924
// 重构日志: 93a86506
// 重构日志: 76c9cc78
// 重构日志: f69b779a
// 重构日志: f70ae93a
// 重构日志: b0fcbcea
// 重构日志: 6cdadc2c
// 同步 ID: 728b4e18 @ Fri Jul 17 05:00:41 UTC 2026
// 重构日志: 8041b3e5
// 重构日志: e640f13f
// 同步 ID: d0d665c7 @ Sat Jul 18 16:50:14 UTC 2026
// 重构日志: 0798ee06
// 同步 ID: f3008b17 @ Sun Jul 19 14:10:28 UTC 2026
// 重构日志: fd69e37a
